<?xml version="1.0" encoding="UTF-8"?>
<testng-results ignored="0" total="1" passed="1" failed="0" skipped="0">
  <reporter-output>
  </reporter-output>
  <suite started-at="2022-08-26T16:40:46 WAT" name="Default Suite" finished-at="2022-08-26T16:40:49 WAT" duration-ms="3464">
    <groups>
    </groups>
    <test started-at="2022-08-26T16:40:46 WAT" name="RestAssuredDemo" finished-at="2022-08-26T16:40:49 WAT" duration-ms="3464">
      <class name="TestNG_01">
        <test-method signature="Test_01()[pri:0, instance:TestNG_01@51931956]" started-at="2022-08-26T16:40:46 WAT" name="Test_01" finished-at="2022-08-26T16:40:49 WAT" duration-ms="3402" status="PASS">
          <reporter-output>
          </reporter-output>
        </test-method> <!-- Test_01 -->
      </class> <!-- TestNG_01 -->
    </test> <!-- RestAssuredDemo -->
  </suite> <!-- Default Suite -->
</testng-results>
