<?xml version="1.0" encoding="UTF-8"?>
<testng-results ignored="0" total="1" passed="1" failed="0" skipped="0">
  <reporter-output>
  </reporter-output>
  <suite started-at="2022-08-26T17:26:35 WAT" name="Default Suite" finished-at="2022-08-26T17:26:38 WAT" duration-ms="2913">
    <groups>
    </groups>
    <test started-at="2022-08-26T17:26:35 WAT" name="RestAssuredDemo" finished-at="2022-08-26T17:26:38 WAT" duration-ms="2913">
      <class name="TestNG_01">
        <test-method signature="Test_01()[pri:0, instance:TestNG_01@1b68b9a4]" started-at="2022-08-26T17:26:35 WAT" name="Test_01" finished-at="2022-08-26T17:26:38 WAT" duration-ms="2857" status="PASS">
          <reporter-output>
          </reporter-output>
        </test-method> <!-- Test_01 -->
      </class> <!-- TestNG_01 -->
    </test> <!-- RestAssuredDemo -->
  </suite> <!-- Default Suite -->
</testng-results>
